{"/Users/lakhansamani/forks/training/InvoiceApp/src/config/api.ts": {"path":"/Users/lakhansamani/forks/training/InvoiceApp/src/config/api.ts","statementMap":{"0":{"start":{"line":1,"column":24},"end":{"line":1,"column":83}},"1":{"start":{"line":2,"column":23},"end":{"line":2,"column":83}}},"fnMap":{},"branchMap":{},"s":{"0":2,"1":2},"f":{},"b":{},"_coverageSchema":"1a1c01bbd47fc00a2c39e90264f33305004495a9","hash":"90fd2e6ff5f336afd5f5f7ded7a259fee6db549c"}
,"/Users/lakhansamani/forks/training/InvoiceApp/src/context/auth.tsx": {"path":"/Users/lakhansamani/forks/training/InvoiceApp/src/context/auth.tsx","statementMap":{"0":{"start":{"line":10,"column":27},"end":{"line":17,"column":2}},"1":{"start":{"line":19,"column":28},"end":{"line":70,"column":1}},"2":{"start":{"line":20,"column":34},"end":{"line":24,"column":4}},"3":{"start":{"line":25,"column":32},"end":{"line":25,"column":46}},"4":{"start":{"line":27,"column":2},"end":{"line":48,"column":9}},"5":{"start":{"line":28,"column":29},"end":{"line":28,"column":33}},"6":{"start":{"line":29,"column":24},"end":{"line":42,"column":5}},"7":{"start":{"line":30,"column":20},"end":{"line":30,"column":59}},"8":{"start":{"line":31,"column":20},"end":{"line":31,"column":59}},"9":{"start":{"line":32,"column":17},"end":{"line":32,"column":53}},"10":{"start":{"line":33,"column":6},"end":{"line":35,"column":7}},"11":{"start":{"line":34,"column":8},"end":{"line":34,"column":15}},"12":{"start":{"line":36,"column":6},"end":{"line":40,"column":9}},"13":{"start":{"line":41,"column":6},"end":{"line":41,"column":24}},"14":{"start":{"line":43,"column":4},"end":{"line":43,"column":18}},"15":{"start":{"line":45,"column":4},"end":{"line":47,"column":6}},"16":{"start":{"line":46,"column":6},"end":{"line":46,"column":33}},"17":{"start":{"line":50,"column":28},"end":{"line":55,"column":3}},"18":{"start":{"line":51,"column":4},"end":{"line":51,"column":60}},"19":{"start":{"line":52,"column":4},"end":{"line":52,"column":60}},"20":{"start":{"line":53,"column":4},"end":{"line":53,"column":54}},"21":{"start":{"line":54,"column":4},"end":{"line":54,"column":26}},"22":{"start":{"line":57,"column":2},"end":{"line":59,"column":3}},"23":{"start":{"line":58,"column":4},"end":{"line":58,"column":23}},"24":{"start":{"line":60,"column":2},"end":{"line":69,"column":4}}},"fnMap":{"0":{"name":"(anonymous_0)","decl":{"start":{"line":16,"column":15},"end":{"line":16,"column":16}},"loc":{"start":{"line":16,"column":39},"end":{"line":16,"column":41}},"line":16},"1":{"name":"(anonymous_1)","decl":{"start":{"line":19,"column":28},"end":{"line":19,"column":29}},"loc":{"start":{"line":19,"column":77},"end":{"line":70,"column":1}},"line":19},"2":{"name":"(anonymous_2)","decl":{"start":{"line":27,"column":12},"end":{"line":27,"column":13}},"loc":{"start":{"line":27,"column":18},"end":{"line":48,"column":3}},"line":27},"3":{"name":"(anonymous_3)","decl":{"start":{"line":29,"column":24},"end":{"line":29,"column":25}},"loc":{"start":{"line":29,"column":36},"end":{"line":42,"column":5}},"line":29},"4":{"name":"(anonymous_4)","decl":{"start":{"line":45,"column":11},"end":{"line":45,"column":12}},"loc":{"start":{"line":45,"column":17},"end":{"line":47,"column":5}},"line":45},"5":{"name":"(anonymous_5)","decl":{"start":{"line":50,"column":28},"end":{"line":50,"column":29}},"loc":{"start":{"line":50,"column":58},"end":{"line":55,"column":3}},"line":50}},"branchMap":{"0":{"loc":{"start":{"line":33,"column":6},"end":{"line":35,"column":7}},"type":"if","locations":[{"start":{"line":33,"column":6},"end":{"line":35,"column":7}},{"start":{},"end":{}}],"line":33},"1":{"loc":{"start":{"line":37,"column":15},"end":{"line":37,"column":26}},"type":"binary-expr","locations":[{"start":{"line":37,"column":15},"end":{"line":37,"column":20}},{"start":{"line":37,"column":24},"end":{"line":37,"column":26}}],"line":37},"2":{"loc":{"start":{"line":38,"column":15},"end":{"line":38,"column":26}},"type":"binary-expr","locations":[{"start":{"line":38,"column":15},"end":{"line":38,"column":20}},{"start":{"line":38,"column":24},"end":{"line":38,"column":26}}],"line":38},"3":{"loc":{"start":{"line":39,"column":12},"end":{"line":39,"column":20}},"type":"binary-expr","locations":[{"start":{"line":39,"column":12},"end":{"line":39,"column":14}},{"start":{"line":39,"column":18},"end":{"line":39,"column":20}}],"line":39},"4":{"loc":{"start":{"line":57,"column":2},"end":{"line":59,"column":3}},"type":"if","locations":[{"start":{"line":57,"column":2},"end":{"line":59,"column":3}},{"start":{},"end":{}}],"line":57}},"s":{"0":2,"1":2,"2":0,"3":0,"4":0,"5":0,"6":0,"7":0,"8":0,"9":0,"10":0,"11":0,"12":0,"13":0,"14":0,"15":0,"16":0,"17":0,"18":0,"19":0,"20":0,"21":0,"22":0,"23":0,"24":0},"f":{"0":1,"1":0,"2":0,"3":0,"4":0,"5":0},"b":{"0":[0,0],"1":[0,0],"2":[0,0],"3":[0,0],"4":[0,0]},"_coverageSchema":"1a1c01bbd47fc00a2c39e90264f33305004495a9","hash":"9a7f18d2a5fc94f9d45c5c9e640a30330522483e"}
,"/Users/lakhansamani/forks/training/InvoiceApp/src/screens/Home.tsx": {"path":"/Users/lakhansamani/forks/training/InvoiceApp/src/screens/Home.tsx","statementMap":{"0":{"start":{"line":19,"column":64},"end":{"line":118,"column":1}},"1":{"start":{"line":22,"column":34},"end":{"line":22,"column":57}},"2":{"start":{"line":23,"column":32},"end":{"line":23,"column":46}},"3":{"start":{"line":24,"column":23},"end":{"line":24,"column":46}},"4":{"start":{"line":25,"column":2},"end":{"line":60,"column":9}},"5":{"start":{"line":26,"column":29},"end":{"line":26,"column":33}},"6":{"start":{"line":28,"column":23},"end":{"line":49,"column":8}},"7":{"start":{"line":50,"column":19},"end":{"line":50,"column":40}},"8":{"start":{"line":51,"column":6},"end":{"line":53,"column":7}},"9":{"start":{"line":52,"column":8},"end":{"line":52,"column":40}},"10":{"start":{"line":54,"column":6},"end":{"line":54,"column":24}},"11":{"start":{"line":56,"column":4},"end":{"line":56,"column":18}},"12":{"start":{"line":57,"column":4},"end":{"line":59,"column":6}},"13":{"start":{"line":58,"column":6},"end":{"line":58,"column":33}},"14":{"start":{"line":61,"column":2},"end":{"line":61,"column":24}},"15":{"start":{"line":62,"column":2},"end":{"line":117,"column":4}},"16":{"start":{"line":74,"column":38},"end":{"line":74,"column":58}},"17":{"start":{"line":76,"column":16},"end":{"line":108,"column":18}},"18":{"start":{"line":92,"column":28},"end":{"line":94,"column":31}}},"fnMap":{"0":{"name":"(anonymous_0)","decl":{"start":{"line":19,"column":64},"end":{"line":19,"column":65}},"loc":{"start":{"line":21,"column":6},"end":{"line":118,"column":1}},"line":21},"1":{"name":"(anonymous_1)","decl":{"start":{"line":25,"column":12},"end":{"line":25,"column":13}},"loc":{"start":{"line":25,"column":18},"end":{"line":60,"column":3}},"line":25},"2":{"name":"getInvoices","decl":{"start":{"line":27,"column":19},"end":{"line":27,"column":30}},"loc":{"start":{"line":27,"column":33},"end":{"line":55,"column":5}},"line":27},"3":{"name":"(anonymous_3)","decl":{"start":{"line":57,"column":11},"end":{"line":57,"column":12}},"loc":{"start":{"line":57,"column":17},"end":{"line":59,"column":5}},"line":57},"4":{"name":"(anonymous_4)","decl":{"start":{"line":74,"column":28},"end":{"line":74,"column":29}},"loc":{"start":{"line":74,"column":38},"end":{"line":74,"column":58}},"line":74},"5":{"name":"(anonymous_5)","decl":{"start":{"line":75,"column":26},"end":{"line":75,"column":27}},"loc":{"start":{"line":75,"column":40},"end":{"line":109,"column":15}},"line":75},"6":{"name":"(anonymous_6)","decl":{"start":{"line":91,"column":35},"end":{"line":91,"column":36}},"loc":{"start":{"line":91,"column":41},"end":{"line":95,"column":27}},"line":91}},"branchMap":{"0":{"loc":{"start":{"line":51,"column":6},"end":{"line":53,"column":7}},"type":"if","locations":[{"start":{"line":51,"column":6},"end":{"line":53,"column":7}},{"start":{},"end":{}}],"line":51},"1":{"loc":{"start":{"line":51,"column":10},"end":{"line":51,"column":41}},"type":"binary-expr","locations":[{"start":{"line":51,"column":10},"end":{"line":51,"column":28}},{"start":{"line":51,"column":32},"end":{"line":51,"column":41}}],"line":51},"2":{"loc":{"start":{"line":64,"column":7},"end":{"line":115,"column":7}},"type":"cond-expr","locations":[{"start":{"line":65,"column":8},"end":{"line":65,"column":68}},{"start":{"line":67,"column":8},"end":{"line":114,"column":11}}],"line":64},"3":{"loc":{"start":{"line":71,"column":11},"end":{"line":113,"column":11}},"type":"cond-expr","locations":[{"start":{"line":72,"column":12},"end":{"line":110,"column":14}},{"start":{"line":112,"column":12},"end":{"line":112,"column":65}}],"line":71}},"s":{"0":1,"1":2,"2":2,"3":2,"4":2,"5":1,"6":1,"7":1,"8":1,"9":0,"10":1,"11":1,"12":1,"13":1,"14":2,"15":2,"16":0,"17":0,"18":0},"f":{"0":2,"1":1,"2":1,"3":1,"4":0,"5":0,"6":0},"b":{"0":[0,1],"1":[1,1],"2":[1,1],"3":[0,1]},"_coverageSchema":"1a1c01bbd47fc00a2c39e90264f33305004495a9","hash":"50c7af642e67711f91fd78a6cbf5d52edd798322"}
,"/Users/lakhansamani/forks/training/InvoiceApp/src/screens/Login.tsx": {"path":"/Users/lakhansamani/forks/training/InvoiceApp/src/screens/Login.tsx","statementMap":{"0":{"start":{"line":23,"column":21},"end":{"line":173,"column":1}},"1":{"start":{"line":24,"column":26},"end":{"line":24,"column":49}},"2":{"start":{"line":25,"column":32},"end":{"line":25,"column":47}},"3":{"start":{"line":26,"column":30},"end":{"line":31,"column":4}},"4":{"start":{"line":33,"column":29},"end":{"line":42,"column":3}},"5":{"start":{"line":34,"column":4},"end":{"line":41,"column":5}},"6":{"start":{"line":35,"column":6},"end":{"line":38,"column":9}},"7":{"start":{"line":40,"column":6},"end":{"line":40,"column":47}},"8":{"start":{"line":44,"column":32},"end":{"line":53,"column":3}},"9":{"start":{"line":45,"column":4},"end":{"line":52,"column":5}},"10":{"start":{"line":46,"column":6},"end":{"line":49,"column":9}},"11":{"start":{"line":51,"column":6},"end":{"line":51,"column":50}},"12":{"start":{"line":55,"column":23},"end":{"line":90,"column":3}},"13":{"start":{"line":56,"column":32},"end":{"line":56,"column":38}},"14":{"start":{"line":57,"column":25},"end":{"line":57,"column":45}},"15":{"start":{"line":58,"column":28},"end":{"line":58,"column":55}},"16":{"start":{"line":59,"column":22},"end":{"line":61,"column":5}},"17":{"start":{"line":62,"column":4},"end":{"line":64,"column":5}},"18":{"start":{"line":63,"column":6},"end":{"line":63,"column":58}},"19":{"start":{"line":65,"column":4},"end":{"line":67,"column":5}},"20":{"start":{"line":66,"column":6},"end":{"line":66,"column":58}},"21":{"start":{"line":68,"column":4},"end":{"line":68,"column":25}},"22":{"start":{"line":69,"column":4},"end":{"line":71,"column":5}},"23":{"start":{"line":70,"column":6},"end":{"line":70,"column":13}},"24":{"start":{"line":72,"column":4},"end":{"line":72,"column":21}},"25":{"start":{"line":73,"column":16},"end":{"line":82,"column":6}},"26":{"start":{"line":83,"column":26},"end":{"line":83,"column":42}},"27":{"start":{"line":84,"column":4},"end":{"line":88,"column":7}},"28":{"start":{"line":89,"column":4},"end":{"line":89,"column":22}},"29":{"start":{"line":92,"column":2},"end":{"line":172,"column":4}},"30":{"start":{"line":121,"column":40},"end":{"line":121,"column":77}},"31":{"start":{"line":146,"column":18},"end":{"line":146,"column":58}}},"fnMap":{"0":{"name":"(anonymous_0)","decl":{"start":{"line":23,"column":21},"end":{"line":23,"column":22}},"loc":{"start":{"line":23,"column":27},"end":{"line":173,"column":1}},"line":23},"1":{"name":"(anonymous_1)","decl":{"start":{"line":33,"column":29},"end":{"line":33,"column":30}},"loc":{"start":{"line":33,"column":35},"end":{"line":42,"column":3}},"line":33},"2":{"name":"(anonymous_2)","decl":{"start":{"line":44,"column":32},"end":{"line":44,"column":33}},"loc":{"start":{"line":44,"column":38},"end":{"line":53,"column":3}},"line":44},"3":{"name":"(anonymous_3)","decl":{"start":{"line":55,"column":23},"end":{"line":55,"column":24}},"loc":{"start":{"line":55,"column":35},"end":{"line":90,"column":3}},"line":55},"4":{"name":"(anonymous_4)","decl":{"start":{"line":121,"column":30},"end":{"line":121,"column":31}},"loc":{"start":{"line":121,"column":40},"end":{"line":121,"column":77}},"line":121},"5":{"name":"(anonymous_5)","decl":{"start":{"line":145,"column":30},"end":{"line":145,"column":31}},"loc":{"start":{"line":146,"column":18},"end":{"line":146,"column":58}},"line":146}},"branchMap":{"0":{"loc":{"start":{"line":34,"column":4},"end":{"line":41,"column":5}},"type":"if","locations":[{"start":{"line":34,"column":4},"end":{"line":41,"column":5}},{"start":{"line":39,"column":11},"end":{"line":41,"column":5}}],"line":34},"1":{"loc":{"start":{"line":45,"column":4},"end":{"line":52,"column":5}},"type":"if","locations":[{"start":{"line":45,"column":4},"end":{"line":52,"column":5}},{"start":{"line":50,"column":11},"end":{"line":52,"column":5}}],"line":45},"2":{"loc":{"start":{"line":45,"column":8},"end":{"line":45,"column":51}},"type":"binary-expr","locations":[{"start":{"line":45,"column":8},"end":{"line":45,"column":24}},{"start":{"line":45,"column":28},"end":{"line":45,"column":51}}],"line":45},"3":{"loc":{"start":{"line":58,"column":28},"end":{"line":58,"column":55}},"type":"binary-expr","locations":[{"start":{"line":58,"column":28},"end":{"line":58,"column":36}},{"start":{"line":58,"column":40},"end":{"line":58,"column":55}}],"line":58},"4":{"loc":{"start":{"line":62,"column":4},"end":{"line":64,"column":5}},"type":"if","locations":[{"start":{"line":62,"column":4},"end":{"line":64,"column":5}},{"start":{},"end":{}}],"line":62},"5":{"loc":{"start":{"line":65,"column":4},"end":{"line":67,"column":5}},"type":"if","locations":[{"start":{"line":65,"column":4},"end":{"line":67,"column":5}},{"start":{},"end":{}}],"line":65},"6":{"loc":{"start":{"line":69,"column":4},"end":{"line":71,"column":5}},"type":"if","locations":[{"start":{"line":69,"column":4},"end":{"line":71,"column":5}},{"start":{},"end":{}}],"line":69},"7":{"loc":{"start":{"line":69,"column":8},"end":{"line":69,"column":41}},"type":"binary-expr","locations":[{"start":{"line":69,"column":8},"end":{"line":69,"column":21}},{"start":{"line":69,"column":25},"end":{"line":69,"column":41}}],"line":69},"8":{"loc":{"start":{"line":166,"column":13},"end":{"line":166,"column":49}},"type":"binary-expr","locations":[{"start":{"line":166,"column":13},"end":{"line":166,"column":20}},{"start":{"line":166,"column":24},"end":{"line":166,"column":49}}],"line":166},"9":{"loc":{"start":{"line":167,"column":25},"end":{"line":167,"column":62}},"type":"cond-expr","locations":[{"start":{"line":167,"column":35},"end":{"line":167,"column":50}},{"start":{"line":167,"column":53},"end":{"line":167,"column":62}}],"line":167}},"s":{"0":1,"1":5,"2":5,"3":5,"4":5,"5":0,"6":0,"7":0,"8":5,"9":0,"10":0,"11":0,"12":5,"13":1,"14":1,"15":1,"16":1,"17":1,"18":0,"19":1,"20":0,"21":1,"22":1,"23":0,"24":1,"25":1,"26":1,"27":1,"28":1,"29":5,"30":1,"31":1},"f":{"0":5,"1":0,"2":0,"3":1,"4":1,"5":1},"b":{"0":[0,0],"1":[0,0],"2":[0,0],"3":[1,1],"4":[0,1],"5":[0,1],"6":[0,1],"7":[1,1],"8":[5,1],"9":[1,4]},"_coverageSchema":"1a1c01bbd47fc00a2c39e90264f33305004495a9","hash":"bbf58fcc26f1f69d11bb564e70d97a39dde89129"}
,"/Users/lakhansamani/forks/training/InvoiceApp/src/utils/validation.ts": {"path":"/Users/lakhansamani/forks/training/InvoiceApp/src/utils/validation.ts","statementMap":{"0":{"start":{"line":1,"column":29},"end":{"line":5,"column":1}},"1":{"start":{"line":3,"column":4},"end":{"line":3,"column":74}},"2":{"start":{"line":4,"column":2},"end":{"line":4,"column":32}},"3":{"start":{"line":7,"column":32},"end":{"line":25,"column":1}},"4":{"start":{"line":14,"column":2},"end":{"line":24,"column":3}},"5":{"start":{"line":16,"column":6},"end":{"line":16,"column":34}},"6":{"start":{"line":18,"column":6},"end":{"line":21,"column":8}},"7":{"start":{"line":23,"column":6},"end":{"line":23,"column":19}}},"fnMap":{"0":{"name":"(anonymous_0)","decl":{"start":{"line":1,"column":29},"end":{"line":1,"column":30}},"loc":{"start":{"line":1,"column":57},"end":{"line":5,"column":1}},"line":1},"1":{"name":"(anonymous_1)","decl":{"start":{"line":7,"column":32},"end":{"line":7,"column":33}},"loc":{"start":{"line":10,"column":14},"end":{"line":25,"column":1}},"line":10}},"branchMap":{"0":{"loc":{"start":{"line":9,"column":2},"end":{"line":9,"column":24}},"type":"default-arg","locations":[{"start":{"line":9,"column":13},"end":{"line":9,"column":24}}],"line":9},"1":{"loc":{"start":{"line":14,"column":2},"end":{"line":24,"column":3}},"type":"switch","locations":[{"start":{"line":15,"column":4},"end":{"line":16,"column":34}},{"start":{"line":17,"column":4},"end":{"line":21,"column":8}},{"start":{"line":22,"column":4},"end":{"line":23,"column":19}}],"line":14},"2":{"loc":{"start":{"line":19,"column":8},"end":{"line":20,"column":63}},"type":"binary-expr","locations":[{"start":{"line":19,"column":8},"end":{"line":19,"column":28}},{"start":{"line":20,"column":8},"end":{"line":20,"column":63}}],"line":19}},"s":{"0":2,"1":2,"2":2,"3":2,"4":1,"5":1,"6":0,"7":0},"f":{"0":2,"1":1},"b":{"0":[1],"1":[1,0,0],"2":[0,0]},"_coverageSchema":"1a1c01bbd47fc00a2c39e90264f33305004495a9","hash":"37c984950b76423cbf1f7bfbcf8a97a20e85744c"}
}
