TN:
SF:src/config/api.ts
FNF:0
FNH:0
DA:1,2
DA:2,2
LF:2
LH:2
BRF:0
BRH:0
end_of_record
TN:
SF:src/context/auth.tsx
FN:16,(anonymous_0)
FN:19,(anonymous_1)
FN:27,(anonymous_2)
FN:29,(anonymous_3)
FN:45,(anonymous_4)
FN:50,(anonymous_5)
FNF:6
FNH:1
FNDA:1,(anonymous_0)
FNDA:0,(anonymous_1)
FNDA:0,(anonymous_2)
FNDA:0,(anonymous_3)
FNDA:0,(anonymous_4)
FNDA:0,(anonymous_5)
DA:10,2
DA:19,2
DA:20,0
DA:25,0
DA:27,0
DA:28,0
DA:29,0
DA:30,0
DA:31,0
DA:32,0
DA:33,0
DA:34,0
DA:36,0
DA:41,0
DA:43,0
DA:45,0
DA:46,0
DA:50,0
DA:51,0
DA:52,0
DA:53,0
DA:54,0
DA:57,0
DA:58,0
DA:60,0
LF:25
LH:2
BRDA:33,0,0,0
BRDA:33,0,1,0
BRDA:37,1,0,0
BRDA:37,1,1,0
BRDA:38,2,0,0
BRDA:38,2,1,0
BRDA:39,3,0,0
BRDA:39,3,1,0
BRDA:57,4,0,0
BRDA:57,4,1,0
BRF:10
BRH:0
end_of_record
TN:
SF:src/screens/Home.tsx
FN:19,(anonymous_0)
FN:25,(anonymous_1)
FN:27,getInvoices
FN:57,(anonymous_3)
FN:74,(anonymous_4)
FN:75,(anonymous_5)
FN:91,(anonymous_6)
FNF:7
FNH:4
FNDA:2,(anonymous_0)
FNDA:1,(anonymous_1)
FNDA:1,getInvoices
FNDA:1,(anonymous_3)
FNDA:0,(anonymous_4)
FNDA:0,(anonymous_5)
FNDA:0,(anonymous_6)
DA:19,1
DA:22,2
DA:23,2
DA:24,2
DA:25,2
DA:26,1
DA:28,1
DA:50,1
DA:51,1
DA:52,0
DA:54,1
DA:56,1
DA:57,1
DA:58,1
DA:61,2
DA:62,2
DA:74,0
DA:76,0
DA:92,0
LF:19
LH:15
BRDA:51,0,0,0
BRDA:51,0,1,1
BRDA:51,1,0,1
BRDA:51,1,1,1
BRDA:64,2,0,1
BRDA:64,2,1,1
BRDA:71,3,0,0
BRDA:71,3,1,1
BRF:8
BRH:6
end_of_record
TN:
SF:src/screens/Login.tsx
FN:23,(anonymous_0)
FN:33,(anonymous_1)
FN:44,(anonymous_2)
FN:55,(anonymous_3)
FN:121,(anonymous_4)
FN:145,(anonymous_5)
FNF:6
FNH:4
FNDA:5,(anonymous_0)
FNDA:0,(anonymous_1)
FNDA:0,(anonymous_2)
FNDA:1,(anonymous_3)
FNDA:1,(anonymous_4)
FNDA:1,(anonymous_5)
DA:23,1
DA:24,5
DA:25,5
DA:26,5
DA:33,5
DA:34,0
DA:35,0
DA:40,0
DA:44,5
DA:45,0
DA:46,0
DA:51,0
DA:55,5
DA:56,1
DA:57,1
DA:58,1
DA:59,1
DA:62,1
DA:63,0
DA:65,1
DA:66,0
DA:68,1
DA:69,1
DA:70,0
DA:72,1
DA:73,1
DA:83,1
DA:84,1
DA:89,1
DA:92,5
DA:121,1
DA:146,1
LF:32
LH:23
BRDA:34,0,0,0
BRDA:34,0,1,0
BRDA:45,1,0,0
BRDA:45,1,1,0
BRDA:45,2,0,0
BRDA:45,2,1,0
BRDA:58,3,0,1
BRDA:58,3,1,1
BRDA:62,4,0,0
BRDA:62,4,1,1
BRDA:65,5,0,0
BRDA:65,5,1,1
BRDA:69,6,0,0
BRDA:69,6,1,1
BRDA:69,7,0,1
BRDA:69,7,1,1
BRDA:166,8,0,5
BRDA:166,8,1,1
BRDA:167,9,0,1
BRDA:167,9,1,4
BRF:20
BRH:11
end_of_record
TN:
SF:src/utils/validation.ts
FN:1,(anonymous_0)
FN:7,(anonymous_1)
FNF:2
FNH:2
FNDA:2,(anonymous_0)
FNDA:1,(anonymous_1)
DA:1,2
DA:3,2
DA:4,2
DA:7,2
DA:14,1
DA:16,1
DA:18,0
DA:23,0
LF:8
LH:6
BRDA:9,0,0,1
BRDA:14,1,0,1
BRDA:14,1,1,0
BRDA:14,1,2,0
BRDA:19,2,0,0
BRDA:19,2,1,0
BRF:6
BRH:2
end_of_record
